<?xml version="1.0" encoding="UTF-8"?>
<!-- Generated by org.testng.reporters.JUnitReportReporter -->
<testsuite hostname="LAPTOP-T68FTPTK" failures="0" tests="1" name="com.crud.TestPut" time="7.381" errors="0" timestamp="2025-03-23T15:44:54 IST" skipped="0">
  <testcase classname="com.crud.TestPut" name="putMethod" time="7.381"/>
</testsuite> <!-- com.crud.TestPut -->
