<?xml version="1.0" encoding="UTF-8"?>
<!-- Generated by org.testng.reporters.JUnitReportReporter -->
<testsuite hostname="LAPTOP-T68FTPTK" failures="0" tests="1" name="com.crud.TestPost" time="9.271" errors="0" timestamp="2025-03-23T12:55:02 IST" skipped="0">
  <testcase classname="com.crud.TestPost" name="postMethodNonBDD" time="9.271"/>
</testsuite> <!-- com.crud.TestPost -->
