<?xml version="1.0" encoding="UTF-8"?>
<!-- Generated by org.testng.reporters.JUnitReportReporter -->
<testsuite hostname="LAPTOP-T68FTPTK" failures="0" tests="1" name="com.payload.as.file.TestJsonArrayList" time="5.439" errors="0" timestamp="2025-03-25T22:56:33 IST" skipped="0">
  <testcase classname="com.payload.as.file.TestJsonArrayList" name="JsonTestCase" time="5.439"/>
</testsuite> <!-- com.payload.as.file.TestJsonArrayList -->
