<?xml version="1.0" encoding="UTF-8"?>
<!-- Generated by org.testng.reporters.JUnitReportReporter -->
<testsuite hostname="LAPTOP-T68FTPTK" failures="0" tests="1" name="com.rest.TestRest" time="2.190" errors="0" timestamp="2025-03-22T13:09:24 IST" skipped="0">
  <testcase classname="com.rest.TestRest" name="withoutBdd" time="2.190"/>
</testsuite> <!-- com.rest.TestRest -->
