<?xml version="1.0" encoding="UTF-8"?>
<!-- Generated by org.testng.reporters.JUnitReportReporter -->
<testsuite hostname="LAPTOP-T68FTPTK" failures="0" tests="1" name="com.payload.as.file.ComplexReq" time="3.646" errors="0" timestamp="2025-04-03T17:08:20 IST" skipped="0">
  <testcase classname="com.payload.as.file.ComplexReq" name="JsonTestCase" time="3.646"/>
</testsuite> <!-- com.payload.as.file.ComplexReq -->
